<?xml version="1.0" encoding="UTF-8" ?>
<testsuite errors="0" failures="0" hostname="LAPTOP-G5SUSDIG" name="HitTest" skipped="0" tests="4" time="0.161" timestamp="2024-05-15T12:35:35">
  <properties>
    <property name="ant.library.dir" value="C:\Users\mitya\Downloads\apache-ant-1.10.14-bin\apache-ant-1.10.14\lib" />
    <property name="awt.toolkit" value="sun.awt.windows.WToolkit" />
    <property name="java.specification.version" value="11" />
    <property name="ant.project.name" value="lab3" />
    <property name="sun.cpu.isalist" value="amd64" />
    <property name="sun.jnu.encoding" value="Cp1251" />
    <property name="sun.arch.data.model" value="64" />
    <property name="native2ascii.resources" value="src/main/resources/native2ascii" />
    <property name="java.vendor.url" value="https://openjdk.java.net/" />
    <property name="our.class" value="PointCollectionBean" />
    <property name="resources.dir" value="src/main/resources" />
    <property name="sun.boot.library.path" value="C:\Program Files\Java\jdk-11\bin" />
    <property name="test.classes.dir" value="ant/build/test/classes" />
    <property name="sun.java.command" value="org.apache.tools.ant.taskdefs.optional.junit.JUnitTestRunner HitTest skipNonTests=false filtertrace=true haltOnError=false haltOnFailure=false formatter=org.apache.tools.ant.taskdefs.optional.junit.SummaryJUnitResultFormatter showoutput=false outputtoformatters=true logfailedtests=true threadid=0 logtestlistenerevents=false formatter=org.apache.tools.ant.taskdefs.optional.junit.XMLJUnitResultFormatter,C:\Users\mitya\IdeaProjects\OPI3\reports\TEST-HitTest.xml crashfile=C:\Users\mitya\IdeaProjects\OPI3\junitvmwatcher10890963677113231884.properties propsfile=C:\Users\mitya\IdeaProjects\OPI3\junit12351748290802487086.properties" />
    <property name="jdk.debug" value="release" />
    <property name="sun.stderr.encoding" value="cp866" />
    <property name="web.dir" value="src/main/webapp" />
    <property name="java.specification.vendor" value="Oracle Corporation" />
    <property name="java.version.date" value="2023-01-17" />
    <property name="java.home" value="C:\Program Files\Java\jdk-11" />
    <property name="contrib" value="lib/ant-contrib-1.0b3.jar" />
    <property name="basedir" value="C:\Users\mitya\IdeaProjects\OPI3" />
    <property name="file.separator" value="\" />
    <property name="java.vm.compressedOopsMode" value="32-bit" />
    <property name="line.separator" value="&#xd;&#xa;" />
    <property name="sun.stdout.encoding" value="cp866" />
    <property name="java.vm.specification.vendor" value="Oracle Corporation" />
    <property name="java.specification.name" value="Java Platform API Specification" />
    <property name="doc.dir" value="doc" />
    <property name="user.script" value="" />
    <property name="sun.management.compiler" value="HotSpot 64-Bit Tiered Compilers" />
    <property name="their.var" value="TheirNewPoint" />
    <property name="java.runtime.version" value="11.0.18+9-LTS-195" />
    <property name="user.name" value="mitya" />
    <property name="our.var" value="newPoint" />
    <property name="file.encoding" value="Cp1251" />
    <property name="java.vendor.version" value="18.9" />
    <property name="other.dir" value="other" />
    <property name="build.dir" value="ant/build" />
    <property name="vm.args" value="" />
    <property name="java.io.tmpdir" value="C:\Users\mitya\AppData\Local\Temp\" />
    <property name="java.version" value="11.0.18" />
    <property name="svn.dir" value="./work" />
    <property name="java.vm.specification.name" value="Java Virtual Machine Specification" />
    <property name="java.awt.printerjob" value="sun.awt.windows.WPrinterJob" />
    <property name="ant.home" value="C:\Users\mitya\Downloads\apache-ant-1.10.14-bin\apache-ant-1.10.14\bin\.." />
    <property name="ant.dir" value="ant" />
    <property name="lib.dir" value="lib" />
    <property name="sun.os.patch.level" value="" />
    <property name="ant.version" value="Apache Ant(TM) version 1.10.14 compiled on August 16 2023" />
    <property name="sounds.dir" value="sounds" />
    <property name="java.library.path" value="C:\Program Files\Java\jdk-11\bin;C:\Windows\Sun\Java\bin;C:\Windows\system32;C:\Windows;C:\Program Files\Common Files\Oracle\Java\javapath;C:\Program Files (x86)\Common Files\Oracle\Java\javapath;C:\Windows\system32;C:\Windows;C:\Windows\System32\Wbem;C:\Windows\System32\WindowsPowerShell\v1.0\;C:\Windows\System32\OpenSSH\;C:\Program Files\Git\cmd;C:\Program Files (x86)\dotnet\;C:\Program Files\nodejs\;C:\Users\mitya\Downloads\apache-ant-1.10.14-bin\apache-ant-1.10.14\bin;C:\Program Files\TortoiseSVN\bin;C:\Users\mitya\AppData\Local\Microsoft\WindowsApps;;C:\Users\mitya\AppData\Local\Programs\Microsoft VS Code\bin;C:\Users\mitya\AppData\Roaming\npm;." />
    <property name="java.vendor" value="Oracle Corporation" />
    <property name="classes.dir" value="ant/build/WEB-INF/classes" />
    <property name="sun.io.unicode.encoding" value="UnicodeLittle" />
    <property name="sun.desktop" value="windows" />
    <property name="ant.file.type" value="file" />
    <property name="junit.report.dir" value="reports" />
    <property name="java.class.path" value="C:\Users\mitya\IdeaProjects\OPI3\lib\junit-4.13.2.jar;C:\Users\mitya\IdeaProjects\OPI3\lib\hamcrest-core-1.3.jar;C:\Users\mitya\IdeaProjects\OPI3\ant\build\WEB-INF\classes;C:\Users\mitya\IdeaProjects\OPI3\ant\build\test\classes;C:\Users\mitya\OneDrive\Рабочий стол\jdk-20.0.1\bin;C:\Users\mitya\Downloads\apache-ant-1.10.14-bin\apache-ant-1.10.14\lib\ant-launcher.jar;C:\Users\mitya\Downloads\apache-ant-1.10.14-bin\apache-ant-1.10.14\lib\ant.jar;C:\Users\mitya\Downloads\apache-ant-1.10.14-bin\apache-ant-1.10.14\lib\ant-junit.jar;C:\Users\mitya\Downloads\apache-ant-1.10.14-bin\apache-ant-1.10.14\lib\ant-junit4.jar" />
    <property name="java.vm.vendor" value="Oracle Corporation" />
    <property name="user.variant" value="" />
    <property name="ant.file.lab3" value="C:\Users\mitya\IdeaProjects\OPI3\build.xml" />
    <property name="user.timezone" value="" />
    <property name="java.vm.specification.version" value="11" />
    <property name="os.name" value="Windows 10" />
    <property name="their.class" value="TheirPointCollectionBean" />
    <property name="report.name" value="test.xml" />
    <property name="sun.java.launcher" value="SUN_STANDARD" />
    <property name="user.country" value="RU" />
    <property name="test.dir" value="src/test/java" />
    <property name="sun.cpu.endian" value="little" />
    <property name="user.home" value="C:\Users\mitya" />
    <property name="user.language" value="ru" />
    <property name="compile.version" value="11" />
    <property name="other.main.dir" value="other/main" />
    <property name="ant.java.version" value="11" />
    <property name="main.dir" value="src/main/java" />
    <property name="java.awt.graphicsenv" value="sun.awt.Win32GraphicsEnvironment" />
    <property name="classes" value="./build/classes" />
    <property name="ant.file" value="C:\Users\mitya\IdeaProjects\OPI3\build.xml" />
    <property name="path.separator" value=";" />
    <property name="os.version" value="10.0" />
    <property name="java.runtime.name" value="Java(TM) SE Runtime Environment" />
    <property name="build.web.xml" value="ant/build/WEB-INF/web.xml" />
    <property name="ant.project.invoked-targets" value="test" />
    <property name="java.vm.name" value="Java HotSpot(TM) 64-Bit Server VM" />
    <property name="report.dir" value="./report" />
    <property name="ant.core.lib" value="C:\Users\mitya\Downloads\apache-ant-1.10.14-bin\apache-ant-1.10.14\lib\ant.jar" />
    <property name="java.vendor.url.bug" value="https://bugreport.java.com/bugreport/" />
    <property name="junit" value="lib/junit-4.13.2.jar" />
    <property name="user.dir" value="C:\Users\mitya\IdeaProjects\OPI3" />
    <property name="os.arch" value="amd64" />
    <property name="build.dir.lib" value="ant/build/WEB-INF/lib" />
    <property name="ant.file.type.lab3" value="file" />
    <property name="java.vm.info" value="mixed mode" />
    <property name="build" value="./build" />
    <property name="java.vm.version" value="11.0.18+9-LTS-195" />
    <property name="hamcrest" value="lib/hamcrest-core-1.3.jar" />
    <property name="java.class.version" value="55.0" />
    <property name="src.dir" value="src/main" />
    <property name="ant.project.default-target" value="build" />
  </properties>
  <testcase classname="HitTest" name="testBoundaryCases" time="0.008" />
  <testcase classname="HitTest" name="testDifferentRValues" time="0.0" />
  <testcase classname="HitTest" name="testOutsideCases" time="0.0" />
  <testcase classname="HitTest" name="testInsideCases" time="0.0" />
  <system-out><![CDATA[-0.5
1
0
1
-0.5
1
-1
2
0
2
-2
2
2
2
-0.5
0.5
0
0.5
-1
0.5
1
0.5
-1
1
1
1
-1
1
-0.25
1
0.25
1
-0.25
1
]]></system-out>
  <system-err><![CDATA[]]></system-err>
</testsuite>
