<?xml version="1.0" encoding="UTF-8" ?>
<testsuite errors="0" failures="0" hostname="ilushapc" name="HitTest" skipped="0" tests="4" time="0.068" timestamp="2024-05-14T16:37:26">
  <properties>
    <property name="ant.library.dir" value="C:\Users\ilusha\AppData\Roaming\JetBrains\IntelliJIdea2024.1\plugins\ant\dist\lib" />
    <property name="ant.file.type" value="file" />
    <property name="java.specification.version" value="17" />
    <property name="ant.project.name" value="lab3" />
    <property name="sun.cpu.isalist" value="amd64" />
    <property name="sun.jnu.encoding" value="Cp1251" />
    <property name="junit.report.dir" value="reports" />
    <property name="java.class.path" value="D:\projects\opi3\lib\junit-4.13.2.jar;D:\projects\opi3\lib\hamcrest-core-1.3.jar;D:\projects\opi3\ant\build\WEB-INF\classes;D:\projects\opi3\ant\build\test\classes;C:\Users\ilusha\AppData\Roaming\JetBrains\IntelliJIdea2024.1\plugins\ant\dist\ant.jar" />
    <property name="java.vm.vendor" value="Amazon.com Inc." />
    <property name="sun.arch.data.model" value="64" />
    <property name="native2ascii.resources" value="src/main/resources/native2ascii" />
    <property name="user.variant" value="" />
    <property name="ant.file.lab3" value="D:\projects\opi3\build.xml" />
    <property name="java.vendor.url" value="https://aws.amazon.com/corretto/" />
    <property name="resources.dir" value="src/main/resources" />
    <property name="java.vm.specification.version" value="17" />
    <property name="os.name" value="Windows 11" />
    <property name="report.name" value="test.xml" />
    <property name="sun.java.launcher" value="SUN_STANDARD" />
    <property name="user.country" value="RU" />
    <property name="sun.boot.library.path" value="C:\Users\ilusha\.jdks\corretto-17.0.11\bin" />
    <property name="sun.java.command" value="org.apache.tools.ant.taskdefs.optional.junit.JUnitTestRunner HitTest skipNonTests=false filtertrace=true haltOnError=false haltOnFailure=false formatter=org.apache.tools.ant.taskdefs.optional.junit.SummaryJUnitResultFormatter showoutput=false outputtoformatters=true logfailedtests=true threadid=0 logtestlistenerevents=false formatter=org.apache.tools.ant.taskdefs.optional.junit.XMLJUnitResultFormatter,D:\projects\opi3\reports\TEST-HitTest.xml crashfile=D:\projects\opi3\junitvmwatcher1143738242699430645.properties propsfile=D:\projects\opi3\junit10819252615131432807.properties" />
    <property name="test.classes.dir" value="ant/build/test/classes" />
    <property name="jdk.debug" value="release" />
    <property name="test.dir" value="src/test/java" />
    <property name="sun.cpu.endian" value="little" />
    <property name="user.home" value="C:\Users\ilusha" />
    <property name="user.language" value="ru" />
    <property name="compile.version" value="11" />
    <property name="java.specification.vendor" value="Oracle Corporation" />
    <property name="web.dir" value="src/main/webapp" />
    <property name="java.version.date" value="2024-04-16" />
    <property name="java.home" value="C:\Users\ilusha\.jdks\corretto-17.0.11" />
    <property name="contrib" value="lib/ant-contrib-1.0b3.jar" />
    <property name="basedir" value="D:\projects\opi3" />
    <property name="file.separator" value="\" />
    <property name="java.vm.compressedOopsMode" value="Zero based" />
    <property name="line.separator" value="&#xd;&#xa;" />
    <property name="ant.java.version" value="17" />
    <property name="java.vm.specification.vendor" value="Oracle Corporation" />
    <property name="java.specification.name" value="Java Platform API Specification" />
    <property name="doc.dir" value="doc" />
    <property name="main.dir" value="src/main/java" />
    <property name="user.script" value="" />
    <property name="sun.management.compiler" value="HotSpot 64-Bit Tiered Compilers" />
    <property name="classes" value="./build/classes" />
    <property name="java.runtime.version" value="17.0.11+9-LTS" />
    <property name="user.name" value="ilusha" />
    <property name="ant.file" value="D:\projects\opi3\build.xml" />
    <property name="path.separator" value=";" />
    <property name="os.version" value="10.0" />
    <property name="java.runtime.name" value="OpenJDK Runtime Environment" />
    <property name="build.web.xml" value="ant/build/WEB-INF/web.xml" />
    <property name="file.encoding" value="Cp1251" />
    <property name="ant.project.invoked-targets" value="report" />
    <property name="java.vm.name" value="OpenJDK 64-Bit Server VM" />
    <property name="java.vendor.version" value="Corretto-17.0.11.9.1" />
    <property name="report.dir" value="./report" />
    <property name="build.dir" value="ant/build" />
    <property name="ant.core.lib" value="C:\Users\ilusha\AppData\Roaming\JetBrains\IntelliJIdea2024.1\plugins\ant\dist\ant.jar" />
    <property name="vm.args" value="" />
    <property name="java.vendor.url.bug" value="https://github.com/corretto/corretto-17/issues/" />
    <property name="java.io.tmpdir" value="C:\Users\ilusha\AppData\Local\Temp\" />
    <property name="junit" value="lib/junit-4.13.2.jar" />
    <property name="java.version" value="17.0.11" />
    <property name="svn.dir" value="./work" />
    <property name="user.dir" value="D:\projects\opi3" />
    <property name="os.arch" value="amd64" />
    <property name="build.dir.lib" value="ant/build/WEB-INF/lib" />
    <property name="java.vm.specification.name" value="Java Virtual Machine Specification" />
    <property name="ant.home" value="C:\Users\ilusha\AppData\Roaming\JetBrains\IntelliJIdea2024.1\plugins\ant\dist" />
    <property name="ant.dir" value="ant" />
    <property name="lib.dir" value="lib" />
    <property name="ant.file.type.lab3" value="file" />
    <property name="sun.os.patch.level" value="" />
    <property name="native.encoding" value="Cp1251" />
    <property name="ant.version" value="Apache Ant(TM) version 1.10.14 compiled on August 16 2023" />
    <property name="java.library.path" value="C:\Users\ilusha\.jdks\corretto-17.0.11\bin;C:\Windows\Sun\Java\bin;C:\Windows\system32;C:\Windows;C:\Program Files\Common Files\Oracle\Java\javapath;C:\Program Files (x86)\Common Files\Oracle\Java\java8path;C:\Program Files (x86)\Common Files\Oracle\Java\javapath;C:\Program Files\Microsoft MPI\Bin\;C:\Windows\system32;C:\Windows;C:\Windows\System32\Wbem;C:\Windows\System32\WindowsPowerShell\v1.0\;C:\Windows\System32\OpenSSH\;C:\Program Files (x86)\NVIDIA Corporation\PhysX\Common;C:\ProgramData\chocolatey\bin;C:\Program Files\Git\cmd;C:\Program Files\PuTTY\;F:\gpt\env_nvd_rag\Lib\site-packages\torch\lib;C:\Program Files\NVIDIA Corporation\NVIDIA App\NvDLISR;C:\Users\ilusha\AppData\Local\NVIDIA\ChatWithRTX\env_nvd_rag\Lib\site-packages\torch\lib;C:\Program Files\TortoiseSVN\bin;C:\Users\ilusha\AppData\Local\Programs\Python\Launcher\;C:\Users\ilusha\AppData\Local\Microsoft\WindowsApps;C:\Users\ilusha\AppData\Local\GitHubDesktop\bin;C:\Users\ilusha\AppData\Local\JetBrains\Toolbox\scripts;c:\users\ilusha\.local\bin;c:\users\ilusha\appdata\roaming\python\python312\scripts;." />
    <property name="sounds.dir" value="sounds" />
    <property name="java.vendor" value="Amazon.com Inc." />
    <property name="java.vm.info" value="mixed mode, sharing" />
    <property name="java.vm.version" value="17.0.11+9-LTS" />
    <property name="build" value="./build" />
    <property name="classes.dir" value="ant/build/WEB-INF/classes" />
    <property name="sun.io.unicode.encoding" value="UnicodeLittle" />
    <property name="java.class.version" value="61.0" />
    <property name="hamcrest" value="lib/hamcrest-core-1.3.jar" />
    <property name="src.dir" value="src/main" />
    <property name="ant.project.default-target" value="build" />
  </properties>
  <testcase classname="HitTest" name="testBoundaryCases" time="0.003" />
  <testcase classname="HitTest" name="testDifferentRValues" time="0.0" />
  <testcase classname="HitTest" name="testOutsideCases" time="0.0" />
  <testcase classname="HitTest" name="testInsideCases" time="0.0" />
  <system-out><![CDATA[-0.5
1
0
1
-0.5
1
-1
2
0
2
-2
2
2
2
-0.5
0.5
0
0.5
-1
0.5
1
0.5
-1
1
1
1
-1
1
-0.25
1
0.25
1
-0.25
1
]]></system-out>
  <system-err><![CDATA[]]></system-err>
</testsuite>
